# JRE version: OpenJDK Runtime Environment (17.0.11) (build 17.0.11+0--11852314)
# Java VM: OpenJDK 64-Bit Server VM (17.0.11+0--11852314, mixed mode, tiered, compressed oops, compressed class ptrs, g1 gc, windows-amd64)
GC Precious Log:
 CPUs: 8 total, 8 available
 Memory: 16230M
 Large Page Support: Disabled
 NUMA Support: Disabled
 Compressed Oops: Enabled (32-bit)
 Heap Region Size: 1M
 Heap Min Capacity: 8M
 Heap Initial Capacity: 254M
 Heap Max Capacity: 2G
 Pre-touch: Disabled
 Parallel Workers: 8
 Concurrent Workers: 2
 Concurrent Refinement Workers: 8
 Periodic GC: Disabled
Heap:
 garbage-first heap   total 417792K, used 268472K [0x0000000080000000, 0x0000000100000000)
  region size 1024K, 87 young (89088K), 9 survivors (9216K)
 Metaspace       used 168287K, committed 169664K, reserved 1245184K
  class space    used 22018K, committed 22656K, reserved 1048576K
GC Heap History (20 events):
Event: 8073.851 GC heap before
{Heap before GC invocations=217 (full 1):
 garbage-first heap   total 348160K, used 270875K [0x0000000080000000, 0x0000000100000000)
  region size 1024K, 120 young (122880K), 7 survivors (7168K)
 Metaspace       used 166921K, committed 168128K, reserved 1245184K
  class space    used 21937K, committed 22528K, reserved 1048576K
}
Event: 8073.868 GC heap after
{Heap after GC invocations=218 (full 1):
 garbage-first heap   total 348160K, used 168224K [0x0000000080000000, 0x0000000100000000)
  region size 1024K, 15 young (15360K), 15 survivors (15360K)
 Metaspace       used 166921K, committed 168128K, reserved 1245184K
  class space    used 21937K, committed 22528K, reserved 1048576K
}
Event: 8074.898 GC heap before
{Heap before GC invocations=218 (full 1):
 garbage-first heap   total 348160K, used 269600K [0x0000000080000000, 0x0000000100000000)
  region size 1024K, 115 young (117760K), 15 survivors (15360K)
 Metaspace       used 166949K, committed 168128K, reserved 1245184K
  class space    used 21937K, committed 22528K, reserved 1048576K
}
Event: 8074.926 GC heap after
{Heap after GC invocations=219 (full 1):
 garbage-first heap   total 348160K, used 177722K [0x0000000080000000, 0x0000000100000000)
  region size 1024K, 13 young (13312K), 13 survivors (13312K)
 Metaspace       used 166949K, committed 168128K, reserved 1245184K
  class space    used 21937K, committed 22528K, reserved 1048576K
}
Event: 8076.260 GC heap before
{Heap before GC invocations=219 (full 1):
 garbage-first heap   total 348160K, used 289338K [0x0000000080000000, 0x0000000100000000)
  region size 1024K, 100 young (102400K), 13 survivors (13312K)
 Metaspace       used 167197K, committed 168512K, reserved 1245184K
  class space    used 21960K, committed 22592K, reserved 1048576K
}
Event: 8076.269 GC heap after
{Heap after GC invocations=220 (full 1):
 garbage-first heap   total 348160K, used 197630K [0x0000000080000000, 0x0000000100000000)
  region size 1024K, 5 young (5120K), 5 survivors (5120K)
 Metaspace       used 167197K, committed 168512K, reserved 1245184K
  class space    used 21960K, committed 22592K, reserved 1048576K
}
Event: 8461.624 GC heap before
{Heap before GC invocations=221 (full 1):
 garbage-first heap   total 348160K, used 273406K [0x0000000080000000, 0x0000000100000000)
  region size 1024K, 88 young (90112K), 5 survivors (5120K)
 Metaspace       used 167382K, committed 168640K, reserved 1245184K
  class space    used 21973K, committed 22592K, reserved 1048576K
}
Event: 8461.637 GC heap after
{Heap after GC invocations=222 (full 1):
 garbage-first heap   total 348160K, used 153370K [0x0000000080000000, 0x0000000100000000)
  region size 1024K, 10 young (10240K), 10 survivors (10240K)
 Metaspace       used 167382K, committed 168640K, reserved 1245184K
  class space    used 21973K, committed 22592K, reserved 1048576K
}
Event: 8461.803 GC heap before
{Heap before GC invocations=222 (full 1):
 garbage-first heap   total 348160K, used 160538K [0x0000000080000000, 0x0000000100000000)
  region size 1024K, 17 young (17408K), 10 survivors (10240K)
 Metaspace       used 167382K, committed 168640K, reserved 1245184K
  class space    used 21973K, committed 22592K, reserved 1048576K
}
Event: 8461.816 GC heap after
{Heap after GC invocations=223 (full 1):
 garbage-first heap   total 348160K, used 152446K [0x0000000080000000, 0x0000000100000000)
  region size 1024K, 2 young (2048K), 2 survivors (2048K)
 Metaspace       used 167382K, committed 168640K, reserved 1245184K
  class space    used 21973K, committed 22592K, reserved 1048576K
}
Event: 8567.868 GC heap before
{Heap before GC invocations=223 (full 1):
 garbage-first heap   total 348160K, used 272254K [0x0000000080000000, 0x0000000100000000)
  region size 1024K, 120 young (122880K), 2 survivors (2048K)
 Metaspace       used 167637K, committed 168960K, reserved 1245184K
  class space    used 21985K, committed 22656K, reserved 1048576K
}
Event: 8567.887 GC heap after
{Heap after GC invocations=224 (full 1):
 garbage-first heap   total 348160K, used 163782K [0x0000000080000000, 0x0000000100000000)
  region size 1024K, 14 young (14336K), 14 survivors (14336K)
 Metaspace       used 167637K, committed 168960K, reserved 1245184K
  class space    used 21985K, committed 22656K, reserved 1048576K
}
Event: 8682.001 GC heap before
{Heap before GC invocations=224 (full 1):
 garbage-first heap   total 348160K, used 273350K [0x0000000080000000, 0x0000000100000000)
  region size 1024K, 122 young (124928K), 14 survivors (14336K)
 Metaspace       used 167827K, committed 169152K, reserved 1245184K
  class space    used 22001K, committed 22656K, reserved 1048576K
}
Event: 8682.033 GC heap after
{Heap after GC invocations=225 (full 1):
 garbage-first heap   total 348160K, used 174709K [0x0000000080000000, 0x0000000100000000)
  region size 1024K, 12 young (12288K), 12 survivors (12288K)
 Metaspace       used 167827K, committed 169152K, reserved 1245184K
  class space    used 22001K, committed 22656K, reserved 1048576K
}
Event: 8820.064 GC heap before
{Heap before GC invocations=226 (full 1):
 garbage-first heap   total 348160K, used 303733K [0x0000000080000000, 0x0000000100000000)
  region size 1024K, 112 young (114688K), 12 survivors (12288K)
 Metaspace       used 167986K, committed 169344K, reserved 1245184K
  class space    used 22012K, committed 22656K, reserved 1048576K
}
Event: 8820.103 GC heap after
{Heap after GC invocations=227 (full 1):
 garbage-first heap   total 348160K, used 167518K [0x0000000080000000, 0x0000000100000000)
  region size 1024K, 7 young (7168K), 7 survivors (7168K)
 Metaspace       used 167986K, committed 169344K, reserved 1245184K
  class space    used 22012K, committed 22656K, reserved 1048576K
}
Event: 8820.498 GC heap before
{Heap before GC invocations=227 (full 1):
 garbage-first heap   total 348160K, used 177758K [0x0000000080000000, 0x0000000100000000)
  region size 1024K, 17 young (17408K), 7 survivors (7168K)
 Metaspace       used 168037K, committed 169408K, reserved 1245184K
  class space    used 22012K, committed 22656K, reserved 1048576K
}
Event: 8820.517 GC heap after
{Heap after GC invocations=228 (full 1):
 garbage-first heap   total 348160K, used 160095K [0x0000000080000000, 0x0000000100000000)
  region size 1024K, 3 young (3072K), 3 survivors (3072K)
 Metaspace       used 168037K, committed 169408K, reserved 1245184K
  class space    used 22012K, committed 22656K, reserved 1048576K
}
Event: 8831.609 GC heap before
{Heap before GC invocations=228 (full 1):
 garbage-first heap   total 348160K, used 272735K [0x0000000080000000, 0x0000000100000000)
  region size 1024K, 115 young (117760K), 3 survivors (3072K)
 Metaspace       used 168163K, committed 169536K, reserved 1245184K
  class space    used 22017K, committed 22656K, reserved 1048576K
}
Event: 8831.630 GC heap after
{Heap after GC invocations=229 (full 1):
 garbage-first heap   total 417792K, used 166072K [0x0000000080000000, 0x0000000100000000)
  region size 1024K, 9 young (9216K), 9 survivors (9216K)
 Metaspace       used 168163K, committed 169536K, reserved 1245184K
  class space    used 22017K, committed 22656K, reserved 1048576K
}

